#
# A fatal error has been detected by the Java Runtime Environment:
#
#  EXCEPTION_ACCESS_VIOLATION (0xc0000005) at pc=0xffffffff9be08500, pid=4644, tid=4772
#
# JRE version: OpenJDK Runtime Environment (Red_Hat-11.0.16+1.1-1) (11.0.16.1+1) (build 11.0.16.1+1-LTS)
# Java VM: OpenJDK 64-Bit Server VM (Red_Hat-11.0.16+1.1-1) (11.0.16.1+1-LTS, mixed mode, tiered, compressed oops, g1 gc, windows-amd64)
# Problematic frame:
# C  0xffffffff9be08500
#
# No core dump will be written. Minidumps are not enabled by default on client versions of Windows
#
# If you would like to submit a bug report, please visit:
#   https://bugzilla.redhat.com/enter_bug.cgi
#

---------------  S U M M A R Y ------------

Command Line: dio.web.api.MyFirstWebApiApplication

Host: Intel(R) Core(TM)2 Quad CPU    Q8400  @ 2.66GHz, 4 cores, 3G,  Windows 7 , 64 bit Build 7601 (6.1.7601.24561)
Time: Tue Sep 27 08:59:34 2022 Hora oficial do Brasil elapsed time: 0.469145 seconds (0d 0h 0m 0s)

---------------  T H R E A D  ---------------

Current thread (0x0000000000303800):  JavaThread "main" [_thread_in_Java, id=4772, stack(0x00000000020e0000,0x00000000021e0000)]

Stack: [0x00000000020e0000,0x00000000021e0000],  sp=0x00000000021dea68,  free space=1018k
Native frames: (J=compiled Java code, j=interpreted, Vv=VM code, C=native code)
C  0xffffffff9be08500


siginfo: EXCEPTION_ACCESS_VIOLATION (0xc0000005), reading address 0xffffffff9be08500


Register to memory mapping:

RIP=0xffffffff9be08500 is an unknown value
RAX=0x000000001f331808 is a pointer to class: 
java.lang.String {0x000000001f331810}
RBX={method} {0x000000005f336bd8} 'hashCode' '()I' in 'java/lang/String'
RCX=0x000000005f45db28 is pointing into metadata
RDX=0x00000000c7b3d4e8 is an oop: java.lang.String 
{0x00000000c7b3d4e8} - klass: 'java/lang/String'
RSP=0x00000000021dea68 is pointing into the stack for thread: 0x0000000000303800
RBP=0x00000000021deb10 is pointing into the stack for thread: 0x0000000000303800
RSI=0x000000001f331808 is a pointer to class: 
java.lang.String {0x000000001f331810}
RDI=0x000000005f5d0118 is pointing into metadata
R8 =0x0 is NULL
R9 =0x00000000c7b020c0 is an oop: java.lang.Class 
{0x00000000c7b020c0} - klass: 'java/lang/Class'
R10=0x000007fee406af90 jvm.dll
R11=0x000000000b399440 is at entry_point+0 in (nmethod*)0x000000000b399290
R12=0x0 is NULL
R13=0x00000000021deab8 is pointing into the stack for thread: 0x0000000000303800
R14=0x00000000021deb30 is pointing into the stack for thread: 0x0000000000303800
R15=0x0000000000303800 is a thread


Registers:
RAX=0x000000001f331808, RBX=0x000000005f336bd0, RCX=0x000000005f45db28, RDX=0x00000000c7b3d4e8
RSP=0x00000000021dea68, RBP=0x00000000021deb10, RSI=0x000000001f331808, RDI=0x000000005f5d0118
R8 =0x0000000000000000, R9 =0x00000000c7b020c0, R10=0x000007fee406af90, R11=0x000000000b399440
R12=0x0000000000000000, R13=0x00000000021deab8, R14=0x00000000021deb30, R15=0x0000000000303800
RIP=0xffffffff9be08500, EFLAGS=0x0000000000010206

Top of Stack: (sp=0x00000000021dea68)
0x00000000021dea68:   000000000b39956c 00000000021de9e0
0x00000000021dea78:   0000000000000000 0000393e72d7da9c
0x00000000021dea88:   000000000ae0a220 00000000c7a166e0
0x00000000021dea98:   00000000c7a212c0 00000000021deb10
0x00000000021deaa8:   000000000ae09ee0 000000000ae09ee0
0x00000000021deab8:   00000000c7b3d4e8 00000000c7a212f0
0x00000000021deac8:   00000000021deac8 000000005f459a82
0x00000000021dead8:   00000000021deb30 000000005f45db28
0x00000000021deae8:   000000005f6084a8 00000000c7b076e0
0x00000000021deaf8:   000000005f459ac0 00000000021deab8
0x00000000021deb08:   00000000021deb20 00000000021deb80
0x00000000021deb18:   000000000ae0a2f2 00000000c7b070b8
0x00000000021deb28:   00000000c7b3d4e8 00000000c7a212f0
0x00000000021deb38:   00000000021deb38 000000005f382e65
0x00000000021deb48:   00000000021debb0 000000005f445fa8
0x00000000021deb58:   0000000000000000 00000000c7b020c0 

Instructions: (pc=0xffffffff9be08500)
0xffffffff9be08400:   ?? ?? ?? ?? ?? ?? ?? ?? ?? ?? ?? ?? ?? ?? ?? ??
0xffffffff9be08410:   ?? ?? ?? ?? ?? ?? ?? ?? ?? ?? ?? ?? ?? ?? ?? ??
0xffffffff9be08420:   ?? ?? ?? ?? ?? ?? ?? ?? ?? ?? ?? ?? ?? ?? ?? ??
0xffffffff9be08430:   ?? ?? ?? ?? ?? ?? ?? ?? ?? ?? ?? ?? ?? ?? ?? ??
0xffffffff9be08440:   ?? ?? ?? ?? ?? ?? ?? ?? ?? ?? ?? ?? ?? ?? ?? ??
0xffffffff9be08450:   ?? ?? ?? ?? ?? ?? ?? ?? ?? ?? ?? ?? ?? ?? ?? ??
0xffffffff9be08460:   ?? ?? ?? ?? ?? ?? ?? ?? ?? ?? ?? ?? ?? ?? ?? ??
0xffffffff9be08470:   ?? ?? ?? ?? ?? ?? ?? ?? ?? ?? ?? ?? ?? ?? ?? ??
0xffffffff9be08480:   ?? ?? ?? ?? ?? ?? ?? ?? ?? ?? ?? ?? ?? ?? ?? ??
0xffffffff9be08490:   ?? ?? ?? ?? ?? ?? ?? ?? ?? ?? ?? ?? ?? ?? ?? ??
0xffffffff9be084a0:   ?? ?? ?? ?? ?? ?? ?? ?? ?? ?? ?? ?? ?? ?? ?? ??
0xffffffff9be084b0:   ?? ?? ?? ?? ?? ?? ?? ?? ?? ?? ?? ?? ?? ?? ?? ??
0xffffffff9be084c0:   ?? ?? ?? ?? ?? ?? ?? ?? ?? ?? ?? ?? ?? ?? ?? ??
0xffffffff9be084d0:   ?? ?? ?? ?? ?? ?? ?? ?? ?? ?? ?? ?? ?? ?? ?? ??
0xffffffff9be084e0:   ?? ?? ?? ?? ?? ?? ?? ?? ?? ?? ?? ?? ?? ?? ?? ??
0xffffffff9be084f0:   ?? ?? ?? ?? ?? ?? ?? ?? ?? ?? ?? ?? ?? ?? ?? ??
0xffffffff9be08500:   ?? ?? ?? ?? ?? ?? ?? ?? ?? ?? ?? ?? ?? ?? ?? ??
0xffffffff9be08510:   ?? ?? ?? ?? ?? ?? ?? ?? ?? ?? ?? ?? ?? ?? ?? ??
0xffffffff9be08520:   ?? ?? ?? ?? ?? ?? ?? ?? ?? ?? ?? ?? ?? ?? ?? ??
0xffffffff9be08530:   ?? ?? ?? ?? ?? ?? ?? ?? ?? ?? ?? ?? ?? ?? ?? ??
0xffffffff9be08540:   ?? ?? ?? ?? ?? ?? ?? ?? ?? ?? ?? ?? ?? ?? ?? ??
0xffffffff9be08550:   ?? ?? ?? ?? ?? ?? ?? ?? ?? ?? ?? ?? ?? ?? ?? ??
0xffffffff9be08560:   ?? ?? ?? ?? ?? ?? ?? ?? ?? ?? ?? ?? ?? ?? ?? ??
0xffffffff9be08570:   ?? ?? ?? ?? ?? ?? ?? ?? ?? ?? ?? ?? ?? ?? ?? ??
0xffffffff9be08580:   ?? ?? ?? ?? ?? ?? ?? ?? ?? ?? ?? ?? ?? ?? ?? ??
0xffffffff9be08590:   ?? ?? ?? ?? ?? ?? ?? ?? ?? ?? ?? ?? ?? ?? ?? ??
0xffffffff9be085a0:   ?? ?? ?? ?? ?? ?? ?? ?? ?? ?? ?? ?? ?? ?? ?? ??
0xffffffff9be085b0:   ?? ?? ?? ?? ?? ?? ?? ?? ?? ?? ?? ?? ?? ?? ?? ??
0xffffffff9be085c0:   ?? ?? ?? ?? ?? ?? ?? ?? ?? ?? ?? ?? ?? ?? ?? ??
0xffffffff9be085d0:   ?? ?? ?? ?? ?? ?? ?? ?? ?? ?? ?? ?? ?? ?? ?? ??
0xffffffff9be085e0:   ?? ?? ?? ?? ?? ?? ?? ?? ?? ?? ?? ?? ?? ?? ?? ??
0xffffffff9be085f0:   ?? ?? ?? ?? ?? ?? ?? ?? ?? ?? ?? ?? ?? ?? ?? ?? 


Stack slot to memory mapping:
stack at sp + 0 slots: 0x000000000b39956c is at entry_point+300 in (nmethod*)0x000000000b399290
stack at sp + 1 slots: 0x00000000021de9e0 is pointing into the stack for thread: 0x0000000000303800
stack at sp + 2 slots: 0x0 is NULL
stack at sp + 3 slots: 0x0000393e72d7da9c is an unknown value
stack at sp + 4 slots: 0x000000000ae0a220 is at code_begin+1664 in an Interpreter codelet
invoke return entry points  [0x000000000ae09ba0, 0x000000000ae0a580]  2528 bytes
stack at sp + 5 slots: 0x00000000c7a166e0 is an oop: [Ljava.lang.Object; 
{0x00000000c7a166e0} - klass: 'java/lang/Object'[]
 - length: 96
stack at sp + 6 slots: 0x00000000c7a212c0 is an oop: java.util.ImmutableCollections$SetN$SetNIterator 
{0x00000000c7a212c0} - klass: 'java/util/ImmutableCollections$SetN$SetNIterator'
stack at sp + 7 slots: 0x00000000021deb10 is pointing into the stack for thread: 0x0000000000303800


---------------  P R O C E S S  ---------------

Threads class SMR info:
_java_thread_list=0x000000005fc3d840, length=9, elements={
0x0000000000303800, 0x000000005fc29000, 0x000000005fc2a800, 0x000000005fc3f800,
0x000000005fc43000, 0x000000005fc46000, 0x000000005fc48000, 0x000000005fcb6000,
0x000000005fcb6800
}

Java Threads: ( => current thread )
=>0x0000000000303800 JavaThread "main" [_thread_in_Java, id=4772, stack(0x00000000020e0000,0x00000000021e0000)]
  0x000000005fc29000 JavaThread "Reference Handler" daemon [_thread_blocked, id=5564, stack(0x000000005ff80000,0x0000000060080000)]
  0x000000005fc2a800 JavaThread "Finalizer" daemon [_thread_blocked, id=5688, stack(0x00000000601d0000,0x00000000602d0000)]
  0x000000005fc3f800 JavaThread "Signal Dispatcher" daemon [_thread_blocked, id=5420, stack(0x0000000060080000,0x0000000060180000)]
  0x000000005fc43000 JavaThread "Attach Listener" daemon [_thread_blocked, id=4516, stack(0x0000000060330000,0x0000000060430000)]
  0x000000005fc46000 JavaThread "Service Thread" daemon [_thread_blocked, id=5548, stack(0x0000000060610000,0x0000000060710000)]
  0x000000005fc48000 JavaThread "C2 CompilerThread0" daemon [_thread_blocked, id=4916, stack(0x0000000060800000,0x0000000060900000)]
  0x000000005fcb6000 JavaThread "C1 CompilerThread0" daemon [_thread_blocked, id=5288, stack(0x0000000060970000,0x0000000060a70000)]
  0x000000005fcb6800 JavaThread "Sweeper thread" daemon [_thread_blocked, id=4316, stack(0x0000000060510000,0x0000000060610000)]

Other Threads:
  0x000000005fbe5800 VMThread "VM Thread" [stack: 0x000000005fe30000,0x000000005ff30000] [id=120]
  0x000000000031d800 GCTaskThread "GC Thread#0" [stack: 0x0000000019fa0000,0x000000001a0a0000] [id=3736]
  0x000000000033b000 ConcurrentGCThread "G1 Main Marker" [stack: 0x000000001ca60000,0x000000001cb60000] [id=2884]
  0x000000000033c000 ConcurrentGCThread "G1 Conc#0" [stack: 0x000000001cbd0000,0x000000001ccd0000] [id=3020]
  0x000000001f021800 ConcurrentGCThread "G1 Refine#0" [stack: 0x000000001f230000,0x000000001f330000] [id=964]
  0x000000001f026000 ConcurrentGCThread "G1 Young RemSet Sampling" [stack: 0x000000001f130000,0x000000001f230000] [id=4384]

Threads with active compile tasks:

VM state:not at safepoint (normal execution)

VM Mutex/Monitor currently owned by a thread: None

Heap address: 0x00000000c4000000, size: 960 MB, Compressed Oops mode: 32-bit
Narrow klass base: 0x0000000000000000, Narrow klass shift: 0
Compressed class space size: 1073741824 Address: 0x000000001f330000

Heap:
 garbage-first heap   total 61440K, used 1024K [0x00000000c4000000, 0x0000000100000000)
  region size 1024K, 2 young (2048K), 0 survivors (0K)
 Metaspace       used 3183K, capacity 4480K, committed 4480K, reserved 1056768K
  class space    used 270K, capacity 384K, committed 384K, reserved 1048576K
Heap Regions: E=young(eden), S=young(survivor), O=old, HS=humongous(starts), HC=humongous(continues), CS=collection set, F=free, A=archive, TAMS=top-at-mark-start (previous, next)
|   0|0x00000000c4000000, 0x00000000c4000000, 0x00000000c4100000|  0%| F|  |TAMS 0x00000000c4000000, 0x00000000c4000000| Untracked 
|   1|0x00000000c4100000, 0x00000000c4100000, 0x00000000c4200000|  0%| F|  |TAMS 0x00000000c4100000, 0x00000000c4100000| Untracked 
|   2|0x00000000c4200000, 0x00000000c4200000, 0x00000000c4300000|  0%| F|  |TAMS 0x00000000c4200000, 0x00000000c4200000| Untracked 
|   3|0x00000000c4300000, 0x00000000c4300000, 0x00000000c4400000|  0%| F|  |TAMS 0x00000000c4300000, 0x00000000c4300000| Untracked 
|   4|0x00000000c4400000, 0x00000000c4400000, 0x00000000c4500000|  0%| F|  |TAMS 0x00000000c4400000, 0x00000000c4400000| Untracked 
|   5|0x00000000c4500000, 0x00000000c4500000, 0x00000000c4600000|  0%| F|  |TAMS 0x00000000c4500000, 0x00000000c4500000| Untracked 
|   6|0x00000000c4600000, 0x00000000c4600000, 0x00000000c4700000|  0%| F|  |TAMS 0x00000000c4600000, 0x00000000c4600000| Untracked 
|   7|0x00000000c4700000, 0x00000000c4700000, 0x00000000c4800000|  0%| F|  |TAMS 0x00000000c4700000, 0x00000000c4700000| Untracked 
|   8|0x00000000c4800000, 0x00000000c4800000, 0x00000000c4900000|  0%| F|  |TAMS 0x00000000c4800000, 0x00000000c4800000| Untracked 
|   9|0x00000000c4900000, 0x00000000c4900000, 0x00000000c4a00000|  0%| F|  |TAMS 0x00000000c4900000, 0x00000000c4900000| Untracked 
|  10|0x00000000c4a00000, 0x00000000c4a00000, 0x00000000c4b00000|  0%| F|  |TAMS 0x00000000c4a00000, 0x00000000c4a00000| Untracked 
|  11|0x00000000c4b00000, 0x00000000c4b00000, 0x00000000c4c00000|  0%| F|  |TAMS 0x00000000c4b00000, 0x00000000c4b00000| Untracked 
|  12|0x00000000c4c00000, 0x00000000c4c00000, 0x00000000c4d00000|  0%| F|  |TAMS 0x00000000c4c00000, 0x00000000c4c00000| Untracked 
|  13|0x00000000c4d00000, 0x00000000c4d00000, 0x00000000c4e00000|  0%| F|  |TAMS 0x00000000c4d00000, 0x00000000c4d00000| Untracked 
|  14|0x00000000c4e00000, 0x00000000c4e00000, 0x00000000c4f00000|  0%| F|  |TAMS 0x00000000c4e00000, 0x00000000c4e00000| Untracked 
|  15|0x00000000c4f00000, 0x00000000c4f00000, 0x00000000c5000000|  0%| F|  |TAMS 0x00000000c4f00000, 0x00000000c4f00000| Untracked 
|  16|0x00000000c5000000, 0x00000000c5000000, 0x00000000c5100000|  0%| F|  |TAMS 0x00000000c5000000, 0x00000000c5000000| Untracked 
|  17|0x00000000c5100000, 0x00000000c5100000, 0x00000000c5200000|  0%| F|  |TAMS 0x00000000c5100000, 0x00000000c5100000| Untracked 
|  18|0x00000000c5200000, 0x00000000c5200000, 0x00000000c5300000|  0%| F|  |TAMS 0x00000000c5200000, 0x00000000c5200000| Untracked 
|  19|0x00000000c5300000, 0x00000000c5300000, 0x00000000c5400000|  0%| F|  |TAMS 0x00000000c5300000, 0x00000000c5300000| Untracked 
|  20|0x00000000c5400000, 0x00000000c5400000, 0x00000000c5500000|  0%| F|  |TAMS 0x00000000c5400000, 0x00000000c5400000| Untracked 
|  21|0x00000000c5500000, 0x00000000c5500000, 0x00000000c5600000|  0%| F|  |TAMS 0x00000000c5500000, 0x00000000c5500000| Untracked 
|  22|0x00000000c5600000, 0x00000000c5600000, 0x00000000c5700000|  0%| F|  |TAMS 0x00000000c5600000, 0x00000000c5600000| Untracked 
|  23|0x00000000c5700000, 0x00000000c5700000, 0x00000000c5800000|  0%| F|  |TAMS 0x00000000c5700000, 0x00000000c5700000| Untracked 
|  24|0x00000000c5800000, 0x00000000c5800000, 0x00000000c5900000|  0%| F|  |TAMS 0x00000000c5800000, 0x00000000c5800000| Untracked 
|  25|0x00000000c5900000, 0x00000000c5900000, 0x00000000c5a00000|  0%| F|  |TAMS 0x00000000c5900000, 0x00000000c5900000| Untracked 
|  26|0x00000000c5a00000, 0x00000000c5a00000, 0x00000000c5b00000|  0%| F|  |TAMS 0x00000000c5a00000, 0x00000000c5a00000| Untracked 
|  27|0x00000000c5b00000, 0x00000000c5b00000, 0x00000000c5c00000|  0%| F|  |TAMS 0x00000000c5b00000, 0x00000000c5b00000| Untracked 
|  28|0x00000000c5c00000, 0x00000000c5c00000, 0x00000000c5d00000|  0%| F|  |TAMS 0x00000000c5c00000, 0x00000000c5c00000| Untracked 
|  29|0x00000000c5d00000, 0x00000000c5d00000, 0x00000000c5e00000|  0%| F|  |TAMS 0x00000000c5d00000, 0x00000000c5d00000| Untracked 
|  30|0x00000000c5e00000, 0x00000000c5e00000, 0x00000000c5f00000|  0%| F|  |TAMS 0x00000000c5e00000, 0x00000000c5e00000| Untracked 
|  31|0x00000000c5f00000, 0x00000000c5f00000, 0x00000000c6000000|  0%| F|  |TAMS 0x00000000c5f00000, 0x00000000c5f00000| Untracked 
|  32|0x00000000c6000000, 0x00000000c6000000, 0x00000000c6100000|  0%| F|  |TAMS 0x00000000c6000000, 0x00000000c6000000| Untracked 
|  33|0x00000000c6100000, 0x00000000c6100000, 0x00000000c6200000|  0%| F|  |TAMS 0x00000000c6100000, 0x00000000c6100000| Untracked 
|  34|0x00000000c6200000, 0x00000000c6200000, 0x00000000c6300000|  0%| F|  |TAMS 0x00000000c6200000, 0x00000000c6200000| Untracked 
|  35|0x00000000c6300000, 0x00000000c6300000, 0x00000000c6400000|  0%| F|  |TAMS 0x00000000c6300000, 0x00000000c6300000| Untracked 
|  36|0x00000000c6400000, 0x00000000c6400000, 0x00000000c6500000|  0%| F|  |TAMS 0x00000000c6400000, 0x00000000c6400000| Untracked 
|  37|0x00000000c6500000, 0x00000000c6500000, 0x00000000c6600000|  0%| F|  |TAMS 0x00000000c6500000, 0x00000000c6500000| Untracked 
|  38|0x00000000c6600000, 0x00000000c6600000, 0x00000000c6700000|  0%| F|  |TAMS 0x00000000c6600000, 0x00000000c6600000| Untracked 
|  39|0x00000000c6700000, 0x00000000c6700000, 0x00000000c6800000|  0%| F|  |TAMS 0x00000000c6700000, 0x00000000c6700000| Untracked 
|  40|0x00000000c6800000, 0x00000000c6800000, 0x00000000c6900000|  0%| F|  |TAMS 0x00000000c6800000, 0x00000000c6800000| Untracked 
|  41|0x00000000c6900000, 0x00000000c6900000, 0x00000000c6a00000|  0%| F|  |TAMS 0x00000000c6900000, 0x00000000c6900000| Untracked 
|  42|0x00000000c6a00000, 0x00000000c6a00000, 0x00000000c6b00000|  0%| F|  |TAMS 0x00000000c6a00000, 0x00000000c6a00000| Untracked 
|  43|0x00000000c6b00000, 0x00000000c6b00000, 0x00000000c6c00000|  0%| F|  |TAMS 0x00000000c6b00000, 0x00000000c6b00000| Untracked 
|  44|0x00000000c6c00000, 0x00000000c6c00000, 0x00000000c6d00000|  0%| F|  |TAMS 0x00000000c6c00000, 0x00000000c6c00000| Untracked 
|  45|0x00000000c6d00000, 0x00000000c6d00000, 0x00000000c6e00000|  0%| F|  |TAMS 0x00000000c6d00000, 0x00000000c6d00000| Untracked 
|  46|0x00000000c6e00000, 0x00000000c6e00000, 0x00000000c6f00000|  0%| F|  |TAMS 0x00000000c6e00000, 0x00000000c6e00000| Untracked 
|  47|0x00000000c6f00000, 0x00000000c6f00000, 0x00000000c7000000|  0%| F|  |TAMS 0x00000000c6f00000, 0x00000000c6f00000| Untracked 
|  48|0x00000000c7000000, 0x00000000c7000000, 0x00000000c7100000|  0%| F|  |TAMS 0x00000000c7000000, 0x00000000c7000000| Untracked 
|  49|0x00000000c7100000, 0x00000000c7100000, 0x00000000c7200000|  0%| F|  |TAMS 0x00000000c7100000, 0x00000000c7100000| Untracked 
|  50|0x00000000c7200000, 0x00000000c7200000, 0x00000000c7300000|  0%| F|  |TAMS 0x00000000c7200000, 0x00000000c7200000| Untracked 
|  51|0x00000000c7300000, 0x00000000c7300000, 0x00000000c7400000|  0%| F|  |TAMS 0x00000000c7300000, 0x00000000c7300000| Untracked 
|  52|0x00000000c7400000, 0x00000000c7400000, 0x00000000c7500000|  0%| F|  |TAMS 0x00000000c7400000, 0x00000000c7400000| Untracked 
|  53|0x00000000c7500000, 0x00000000c7500000, 0x00000000c7600000|  0%| F|  |TAMS 0x00000000c7500000, 0x00000000c7500000| Untracked 
|  54|0x00000000c7600000, 0x00000000c7600000, 0x00000000c7700000|  0%| F|  |TAMS 0x00000000c7600000, 0x00000000c7600000| Untracked 
|  55|0x00000000c7700000, 0x00000000c7700000, 0x00000000c7800000|  0%| F|  |TAMS 0x00000000c7700000, 0x00000000c7700000| Untracked 
|  56|0x00000000c7800000, 0x00000000c7800000, 0x00000000c7900000|  0%| F|  |TAMS 0x00000000c7800000, 0x00000000c7800000| Untracked 
|  57|0x00000000c7900000, 0x00000000c7900000, 0x00000000c7a00000|  0%| F|  |TAMS 0x00000000c7900000, 0x00000000c7900000| Untracked 
|  58|0x00000000c7a00000, 0x00000000c7a48310, 0x00000000c7b00000| 28%| E|  |TAMS 0x00000000c7a00000, 0x00000000c7a00000| Complete 
|  59|0x00000000c7b00000, 0x00000000c7c00000, 0x00000000c7c00000|100%| E|CS|TAMS 0x00000000c7b00000, 0x00000000c7b00000| Complete 

Card table byte_map: [0x000000001a6c0000,0x000000001a8a0000] _byte_map_base: 0x000000001a0a0000

Marking Bits (Prev, Next): (CMBitMap*) 0x0000000000336378, (CMBitMap*) 0x00000000003363b0
 Prev Bits: [0x000000001aa80000, 0x000000001b980000)
 Next Bits: [0x000000001b980000, 0x000000001c880000)

Polling page: 0x0000000000230000

Metaspace:

Usage:
  Non-class:      4.00 MB capacity,     2.84 MB ( 71%) used,     1.15 MB ( 29%) free+waste,    64 bytes ( <1%) overhead. 
      Class:    384.00 KB capacity,   270.03 KB ( 70%) used,   113.91 KB ( 30%) free+waste,    64 bytes ( <1%) overhead. 
       Both:      4.38 MB capacity,     3.11 MB ( 71%) used,     1.27 MB ( 29%) free+waste,   128 bytes ( <1%) overhead. 

Virtual space:
  Non-class space:        8.00 MB reserved,       4.00 MB ( 50%) committed 
      Class space:        1.00 GB reserved,     384.00 KB ( <1%) committed 
             Both:        1.01 GB reserved,       4.38 MB ( <1%) committed 

Chunk freelists:
   Non-Class:  0 bytes
       Class:  0 bytes
        Both:  0 bytes

MaxMetaspaceSize: 17179869184.00 GB
CompressedClassSpaceSize: 1.00 GB
Initial GC threshold: 20.80 MB
Current GC threshold: 20.80 MB
CDS: off

CodeHeap 'non-profiled nmethods': size=120064Kb used=23Kb max_used=23Kb free=120041Kb
 bounds [0x00000000128c0000, 0x0000000012b30000, 0x0000000019e00000]
CodeHeap 'profiled nmethods': size=120000Kb used=117Kb max_used=117Kb free=119882Kb
 bounds [0x000000000b390000, 0x000000000b600000, 0x00000000128c0000]
CodeHeap 'non-nmethods': size=5696Kb used=1011Kb max_used=1023Kb free=4684Kb
 bounds [0x000000000ae00000, 0x000000000b070000, 0x000000000b390000]
 total_blobs=326 nmethods=94 adapters=146
 compilation: enabled
              stopped_count=0, restarted_count=0
 full_count=0

Compilation events (20 events):
Event: 0.425 Thread 0x000000005fc48000   84       4       java.lang.String::hashCode (49 bytes)
Event: 0.426 Thread 0x000000005fcb6000   85       3       java.util.Map::entry (10 bytes)
Event: 0.428 Thread 0x000000005fcb6000 nmethod 85 0x000000000b3a9d10 code [0x000000000b3a9f20, 0x000000000b3aa478]
Event: 0.433 Thread 0x000000005fc48000 nmethod 84 0x00000000128c4b90 code [0x00000000128c4d20, 0x00000000128c4ed8]
Event: 0.433 Thread 0x000000005fc48000   87       4       java.util.ImmutableCollections$SetN$SetNIterator::hasNext (13 bytes)
Event: 0.434 Thread 0x000000005fcb6000   86       1       java.lang.module.ModuleDescriptor::isOpen (5 bytes)
Event: 0.435 Thread 0x000000005fc48000 nmethod 87 0x00000000128c5010 code [0x00000000128c51a0, 0x00000000128c51f8]
Event: 0.435 Thread 0x000000005fcb6000 nmethod 86 0x00000000128c5310 code [0x00000000128c54c0, 0x00000000128c5578]
Event: 0.435 Thread 0x000000005fc48000   91       4       java.util.HashMap::afterNodeInsertion (1 bytes)
Event: 0.435 Thread 0x000000005fcb6000   88       3       java.util.HashMap::resize (356 bytes)
Event: 0.435 Thread 0x000000005fc48000 nmethod 91 0x00000000128c5610 code [0x00000000128c57a0, 0x00000000128c57f8]
Event: 0.437 Thread 0x000000005fcb6000 nmethod 88 0x000000000b3aa690 code [0x000000000b3aa960, 0x000000000b3abd48]
Event: 0.437 Thread 0x000000005fcb6000   89       3       jdk.internal.module.ModuleBootstrap$2::hasNext (30 bytes)
Event: 0.438 Thread 0x000000005fcb6000 nmethod 89 0x000000000b3ac210 code [0x000000000b3ac3e0, 0x000000000b3ac6f8]
Event: 0.438 Thread 0x000000005fcb6000   92       3       jdk.internal.module.ModuleBootstrap$2::next (52 bytes)
Event: 0.438 Thread 0x000000005fcb6000 nmethod 92 0x000000000b3ac810 code [0x000000000b3aca20, 0x000000000b3acf28]
Event: 0.438 Thread 0x000000005fcb6000   93       3       java.util.HashMap::putIfAbsent (13 bytes)
Event: 0.439 Thread 0x000000005fcb6000 nmethod 93 0x000000000b3ad110 code [0x000000000b3ad2e0, 0x000000000b3ad5b8]
Event: 0.439 Thread 0x000000005fcb6000   90       1       java.lang.Module::getDescriptor (5 bytes)
Event: 0.440 Thread 0x000000005fcb6000 nmethod 90 0x00000000128c5910 code [0x00000000128c5ac0, 0x00000000128c5b78]

GC Heap History (0 events):
No events

Deoptimization events (0 events):
No events

Classes redefined (0 events):
No events

Internal exceptions (0 events):
No events

Events (20 events):
Event: 0.424 loading class java/util/HashMap$KeyIterator
Event: 0.424 loading class java/util/HashMap$HashIterator
Event: 0.424 loading class java/util/HashMap$HashIterator done
Event: 0.424 loading class java/util/HashMap$KeyIterator done
Event: 0.424 loading class java/lang/ModuleLayer$Controller
Event: 0.424 loading class java/lang/ModuleLayer$Controller done
Event: 0.425 loading class jdk/internal/module/IllegalAccessLogger$Mode
Event: 0.425 loading class jdk/internal/module/IllegalAccessLogger$Mode done
Event: 0.425 loading class jdk/internal/module/IllegalAccessLogger$Builder
Event: 0.425 loading class jdk/internal/module/IllegalAccessLogger$Builder done
Event: 0.426 loading class java/util/HashMap$Values
Event: 0.427 loading class java/util/HashMap$Values done
Event: 0.427 loading class java/util/HashMap$ValueIterator
Event: 0.427 loading class java/util/HashMap$ValueIterator done
Event: 0.428 loading class jdk/internal/module/ModuleBootstrap$2
Event: 0.428 loading class jdk/internal/module/ModuleBootstrap$2 done
Event: 0.429 loading class java/util/HashMap$EntrySet
Event: 0.430 loading class java/util/HashMap$EntrySet done
Event: 0.430 loading class java/util/HashMap$EntryIterator
Event: 0.430 loading class java/util/HashMap$EntryIterator done


Dynamic libraries:
0x000000013f640000 - 0x000000013f6a2000 	C:\Program Files\RedHat\java-11-openjdk-11.0.16-1\bin\java.exe
0x0000000077c20000 - 0x0000000077dbf000 	C:\Windows\SYSTEM32\ntdll.dll
0x0000000077b00000 - 0x0000000077c20000 	C:\Windows\system32\kernel32.dll
0x000007fefd8a0000 - 0x000007fefd907000 	C:\Windows\system32\KERNELBASE.dll
0x000007fef6c80000 - 0x000007fef6c97000 	C:\Program Files\RedHat\java-11-openjdk-11.0.16-1\bin\jli.dll
0x000007fefbdc0000 - 0x000007fefbfb5000 	C:\Windows\WinSxS\amd64_microsoft.windows.common-controls_6595b64144ccf1df_6.0.7601.24483_none_e372d88f30fbb845\COMCTL32.dll
0x000007fefe810000 - 0x000007fefe8af000 	C:\Windows\system32\msvcrt.dll
0x000007fefe5a0000 - 0x000007fefe608000 	C:\Windows\system32\GDI32.dll
0x0000000077a00000 - 0x0000000077afb000 	C:\Windows\system32\USER32.dll
0x000007fefe590000 - 0x000007fefe59e000 	C:\Windows\system32\LPK.dll
0x000007feff980000 - 0x000007feffa4b000 	C:\Windows\system32\USP10.dll
0x000007feff900000 - 0x000007feff971000 	C:\Windows\system32\SHLWAPI.dll
0x000007fef7060000 - 0x000007fef7075000 	C:\Program Files\RedHat\java-11-openjdk-11.0.16-1\bin\VCRUNTIME140.dll
0x000007fef70e0000 - 0x000007fef70e4000 	C:\Program Files\RedHat\java-11-openjdk-11.0.16-1\bin\api-ms-win-crt-runtime-l1-1-0.dll
0x000007feea270000 - 0x000007feea36c000 	C:\Program Files\RedHat\java-11-openjdk-11.0.16-1\bin\ucrtbase.DLL
0x000007fef7180000 - 0x000007fef7183000 	C:\Program Files\RedHat\java-11-openjdk-11.0.16-1\bin\api-ms-win-core-localization-l1-2-0.dll
0x000007fef6c70000 - 0x000007fef6c73000 	C:\Program Files\RedHat\java-11-openjdk-11.0.16-1\bin\api-ms-win-core-processthreads-l1-1-1.dll
0x000007fef6ff0000 - 0x000007fef6ff3000 	C:\Program Files\RedHat\java-11-openjdk-11.0.16-1\bin\api-ms-win-core-file-l1-2-0.dll
0x000007fef6c40000 - 0x000007fef6c43000 	C:\Program Files\RedHat\java-11-openjdk-11.0.16-1\bin\api-ms-win-core-timezone-l1-1-0.dll
0x000007fef69a0000 - 0x000007fef69a3000 	C:\Program Files\RedHat\java-11-openjdk-11.0.16-1\bin\api-ms-win-core-file-l2-1-0.dll
0x000007fef6980000 - 0x000007fef6983000 	C:\Program Files\RedHat\java-11-openjdk-11.0.16-1\bin\api-ms-win-core-synch-l1-2-0.dll
0x000007fef6990000 - 0x000007fef6993000 	C:\Program Files\RedHat\java-11-openjdk-11.0.16-1\bin\api-ms-win-crt-heap-l1-1-0.dll
0x000007fef6960000 - 0x000007fef6964000 	C:\Program Files\RedHat\java-11-openjdk-11.0.16-1\bin\api-ms-win-crt-string-l1-1-0.dll
0x000007fef6970000 - 0x000007fef6974000 	C:\Program Files\RedHat\java-11-openjdk-11.0.16-1\bin\api-ms-win-crt-stdio-l1-1-0.dll
0x000007fef6940000 - 0x000007fef6944000 	C:\Program Files\RedHat\java-11-openjdk-11.0.16-1\bin\api-ms-win-crt-convert-l1-1-0.dll
0x000007fef6950000 - 0x000007fef6953000 	C:\Program Files\RedHat\java-11-openjdk-11.0.16-1\bin\api-ms-win-crt-environment-l1-1-0.dll
0x000007fef68a0000 - 0x000007fef68a3000 	C:\Program Files\RedHat\java-11-openjdk-11.0.16-1\bin\api-ms-win-crt-filesystem-l1-1-0.dll
0x000007fef6930000 - 0x000007fef6935000 	C:\Program Files\RedHat\java-11-openjdk-11.0.16-1\bin\api-ms-win-crt-math-l1-1-0.dll
0x000007fef6880000 - 0x000007fef6883000 	C:\Program Files\RedHat\java-11-openjdk-11.0.16-1\bin\api-ms-win-crt-locale-l1-1-0.dll
0x000007fefe170000 - 0x000007fefe19e000 	C:\Windows\system32\IMM32.DLL
0x000007feffd60000 - 0x000007feffe6b000 	C:\Windows\system32\MSCTF.dll
0x000007feea3d0000 - 0x000007feea46b000 	C:\Program Files\RedHat\java-11-openjdk-11.0.16-1\bin\msvcp140.dll
0x000007fef6890000 - 0x000007fef6893000 	C:\Program Files\RedHat\java-11-openjdk-11.0.16-1\bin\api-ms-win-crt-time-l1-1-0.dll
0x000007fef6860000 - 0x000007fef6863000 	C:\Program Files\RedHat\java-11-openjdk-11.0.16-1\bin\api-ms-win-crt-utility-l1-1-0.dll
0x000007fee35a0000 - 0x000007fee4123000 	C:\Program Files\RedHat\java-11-openjdk-11.0.16-1\bin\server\jvm.dll
0x000007fefe1a0000 - 0x000007fefe27b000 	C:\Windows\system32\ADVAPI32.dll
0x000007feffd20000 - 0x000007feffd3f000 	C:\Windows\SYSTEM32\sechost.dll
0x000007fefe280000 - 0x000007fefe3ad000 	C:\Windows\system32\RPCRT4.dll
0x000007fef0490000 - 0x000007fef0499000 	C:\Windows\system32\WSOCK32.dll
0x000007fefdfe0000 - 0x000007fefe02d000 	C:\Windows\system32\WS2_32.dll
0x000007feff8f0000 - 0x000007feff8f8000 	C:\Windows\system32\NSI.dll
0x000007fefa8e0000 - 0x000007fefa91b000 	C:\Windows\system32\WINMM.dll
0x000007fefc810000 - 0x000007fefc81c000 	C:\Windows\system32\VERSION.dll
0x0000000077dd0000 - 0x0000000077dd7000 	C:\Windows\system32\PSAPI.DLL
0x000007fef6870000 - 0x000007fef6880000 	C:\Program Files\RedHat\java-11-openjdk-11.0.16-1\bin\verify.dll
0x000007fef7470000 - 0x000007fef7595000 	C:\Windows\system32\DBGHELP.DLL
0x000007fef6660000 - 0x000007fef6688000 	C:\Program Files\RedHat\java-11-openjdk-11.0.16-1\bin\java.dll
0x000007fef6850000 - 0x000007fef685a000 	C:\Program Files\RedHat\java-11-openjdk-11.0.16-1\bin\jimage.dll
0x000007fef6830000 - 0x000007fef6848000 	C:\Program Files\RedHat\java-11-openjdk-11.0.16-1\bin\zip.dll
0x000007fefe9d0000 - 0x000007feff75b000 	C:\Windows\system32\SHELL32.dll
0x000007fefe610000 - 0x000007fefe810000 	C:\Windows\system32\ole32.dll
0x000007fefd780000 - 0x000007fefd78f000 	C:\Windows\system32\profapi.dll

dbghelp: loaded successfully - version: 4.0.5 - missing functions: none
symbol engine: initialized successfully - sym options: 0x614 - pdb path: .;C:\Program Files\RedHat\java-11-openjdk-11.0.16-1\bin;C:\Windows\SYSTEM32;C:\Windows\WinSxS\amd64_microsoft.windows.common-controls_6595b64144ccf1df_6.0.7601.24483_none_e372d88f30fbb845;C:\Program Files\RedHat\java-11-openjdk-11.0.16-1\bin\server

VM Arguments:
java_command: dio.web.api.MyFirstWebApiApplication
java_class_path (initial): C:\Users\dgley\Desktop\projects java\my-first-web-api\target\classes;C:\Users\dgley\.m2\repository\org\springframework\boot\spring-boot-starter-web\2.7.4\spring-boot-starter-web-2.7.4.jar;C:\Users\dgley\.m2\repository\org\springframework\boot\spring-boot-starter\2.7.4\spring-boot-starter-2.7.4.jar;C:\Users\dgley\.m2\repository\org\springframework\boot\spring-boot\2.7.4\spring-boot-2.7.4.jar;C:\Users\dgley\.m2\repository\org\springframework\boot\spring-boot-autoconfigure\2.7.4\spring-boot-autoconfigure-2.7.4.jar;C:\Users\dgley\.m2\repository\org\springframework\boot\spring-boot-starter-logging\2.7.4\spring-boot-starter-logging-2.7.4.jar;C:\Users\dgley\.m2\repository\ch\qos\logback\logback-classic\1.2.11\logback-classic-1.2.11.jar;C:\Users\dgley\.m2\repository\ch\qos\logback\logback-core\1.2.11\logback-core-1.2.11.jar;C:\Users\dgley\.m2\repository\org\apache\logging\log4j\log4j-to-slf4j\2.17.2\log4j-to-slf4j-2.17.2.jar;C:\Users\dgley\.m2\repository\org\apache\logging\log4j\log4j-api\2.17.2\log4j-api-2.17.2.jar;C:\Users\dgley\.m2\repository\org\slf4j\jul-to-slf4j\1.7.36\jul-to-slf4j-1.7.36.jar;C:\Users\dgley\.m2\repository\jakarta\annotation\jakarta.annotation-api\1.3.5\jakarta.annotation-api-1.3.5.jar;C:\Users\dgley\.m2\repository\org\yaml\snakeyaml\1.30\snakeyaml-1.30.jar;C:\Users\dgley\.m2\repository\org\springframework\boot\spring-boot-starter-json\2.7.4\spring-boot-starter-json-2.7.4.jar;C:\Users\dgley\.m2\repository\com\fasterxml\jackson\core\jackson-databind\2.13.4\jackson-databind-2.13.4.jar;C:\Users\dgley\.m2\repository\com\fasterxml\jackson\core\jackson-core\2.13.4\jackson-core-2.13.4.jar;C:\Users\dgley\.m2\repository\com\fasterxml\jackson\datatype\jackson-datatype-jdk8\2.13.4\jackson-datatype-jdk8-2.13.4.jar;C:\Users\dgley\.m2\repository\com\fasterxml\jackson\datatype\jackson-datatype-jsr310\2.13.4\jackson-datatype-jsr310-2.13.4.jar;C:\Users\dgley\.m2\repository\com\fasterxml\jackson\module\jackson-module-parameter-names\2.13.4\j
Launcher Type: SUN_STANDARD

[Global flags]
     intx CICompilerCount                          = 3                                         {product} {ergonomic}
     uint ConcGCThreads                            = 1                                         {product} {ergonomic}
     uint G1ConcRefinementThreads                  = 4                                         {product} {ergonomic}
   size_t G1HeapRegionSize                         = 1048576                                   {product} {ergonomic}
    uintx GCDrainStackTargetSize                   = 64                                        {product} {ergonomic}
   size_t InitialHeapSize                          = 62914560                                  {product} {ergonomic}
   size_t MarkStackSize                            = 4194304                                   {product} {ergonomic}
   size_t MaxHeapSize                              = 1006632960                                {product} {ergonomic}
   size_t MaxNewSize                               = 603979776                                 {product} {ergonomic}
   size_t MinHeapDeltaBytes                        = 1048576                                   {product} {ergonomic}
    uintx NonNMethodCodeHeapSize                   = 5830732                                {pd product} {ergonomic}
    uintx NonProfiledCodeHeapSize                  = 122913754                              {pd product} {ergonomic}
    uintx ProfiledCodeHeapSize                     = 122913754                              {pd product} {ergonomic}
    uintx ReservedCodeCacheSize                    = 251658240                              {pd product} {ergonomic}
     bool SegmentedCodeCache                       = true                                      {product} {ergonomic}
     bool UseCompressedClassPointers               = true                                 {lp64_product} {ergonomic}
     bool UseCompressedOops                        = true                                 {lp64_product} {ergonomic}
     bool UseG1GC                                  = true                                      {product} {ergonomic}
     bool UseLargePagesIndividualAllocation        = false                                  {pd product} {ergonomic}

Logging:
Log output configuration:
 #0: stdout all=warning uptime,level,tags
 #1: stderr all=off uptime,level,tags

Environment Variables:
PATH=C:\Users\dgley\bin;C:\Program Files\Git\mingw64\bin;C:\Program Files\Git\usr\local\bin;C:\Program Files\Git\usr\bin;C:\Program Files\Git\usr\bin;C:\Program Files\Git\mingw64\bin;C:\Program Files\Git\usr\bin;C:\Users\dgley\bin;C:\Windows\system32;C:\Windows;C:\Windows\System32\Wbem;C:\Windows\System32\WindowsPowerShell\v1.0;C:\Program Files\nodejs;C:\Program Files\Git\cmd;C:\Users\dgley\AppData\Roaming\npm;C:\Users\dgley\AppData\Local\Programs\Microsoft VS Code\bin;C:\adb;C:\Program Files\CMake\bin;C:\Program Files\RedHat\java-11-openjdk-11.0.16-1\bin;C:\Program Files\RedHat\apache-maven-3.8.6\bin;C:\Users\dgley\AppData\Roaming\npm;C:\Users\dgley\AppData\Local\Programs\Microsoft VS Code\bin;C:\Program Files\JetBrains\IntelliJ IDEA Community Edition 2022.2.2\bin;C:\Program Files\Git\usr\bin\vendor_perl;C:\Program Files\Git\usr\bin\core_perl
USERNAME=dgley
SHELL=C:\Program Files\Git\usr\bin\bash.exe
DISPLAY=needs-to-be-defined
LANG=pt_BR.UTF-8
LC_CTYPE=pt_BR.UTF-8
OS=Windows_NT
PROCESSOR_IDENTIFIER=Intel64 Family 6 Model 23 Stepping 10, GenuineIntel
TMP=C:\Users\dgley\AppData\Local\Temp
TEMP=C:\Users\dgley\AppData\Local\Temp



---------------  S Y S T E M  ---------------

OS: Windows 7 , 64 bit Build 7601 (6.1.7601.24561)
OS uptime: 0 days 4:59 hours

CPU:total 4 (initial active 4) (4 cores per cpu, 1 threads per core) family 6 model 23 stepping 10 microcode 0x0, cmov, cx8, fxsr, mmx, sse, sse2, sse3, ssse3, sse4.1, tsc

Memory: 4k page, system-wide physical 3839M (834M free)
TotalPageFile size 7753M (AvailPageFile size 1254M)
current process WorkingSet (physical memory assigned to process): 25M, peak: 25M
current process commit charge ("private bytes"): 128M, peak: 128M

vm_info: OpenJDK 64-Bit Server VM (11.0.16.1+1-LTS) for windows-amd64 JRE (11.0.16.1+1-LTS), built on Aug 26 2022 15:41:43 by "" with MS VC++ 15.9 (VS2017)

END.
